<?xml version="1.0" encoding="UTF-8"?>
<testng-results ignored="0" total="1" passed="1" failed="0" skipped="0">
  <reporter-output>
  </reporter-output>
  <suite started-at="2023-03-08T00:44:20 EST" name="Default suite" finished-at="2023-03-08T00:44:28 EST" duration-ms="8437">
    <groups>
    </groups>
    <test started-at="2023-03-08T00:44:20 EST" name="Default test" finished-at="2023-03-08T00:44:28 EST" duration-ms="8437">
      <class name="FirstTestprogram.SeleniumTest">
        <test-method signature="Start()[pri:0, instance:FirstTestprogram.SeleniumTest@515aebb0]" started-at="2023-03-08T00:44:20 EST" name="Start" finished-at="2023-03-08T00:44:28 EST" duration-ms="8392" status="PASS">
          <reporter-output>
          </reporter-output>
        </test-method> <!-- Start -->
      </class> <!-- FirstTestprogram.SeleniumTest -->
    </test> <!-- Default test -->
  </suite> <!-- Default suite -->
</testng-results>
